<?xml version="1.0" encoding="UTF-8"?>
<testsuite xmlns:xsi="http://www.w3.org/2001/XMLSchema-instance" xsi:noNamespaceSchemaLocation="https://maven.apache.org/surefire/maven-surefire-plugin/xsd/surefire-test-report-3.0.xsd" version="3.0" name="AppTest" time="0.081" tests="1" errors="0" skipped="0" failures="0">
  <properties>
    <property name="java.specification.version" value="21"/>
    <property name="sun.cpu.isalist" value="amd64"/>
    <property name="sun.jnu.encoding" value="Cp1252"/>
    <property name="java.class.path" value="C:\Users\LAVISH\Desktop\JenkinsLearn\target\test-classes;C:\Users\LAVISH\Desktop\JenkinsLearn\target\classes;C:\Users\LAVISH\.m2\repository\org\springframework\boot\spring-boot-starter-web\2.3.4.RELEASE\spring-boot-starter-web-2.3.4.RELEASE.jar;C:\Users\LAVISH\.m2\repository\org\springframework\boot\spring-boot-starter\2.3.4.RELEASE\spring-boot-starter-2.3.4.RELEASE.jar;C:\Users\LAVISH\.m2\repository\org\springframework\boot\spring-boot\2.3.4.RELEASE\spring-boot-2.3.4.RELEASE.jar;C:\Users\LAVISH\.m2\repository\org\springframework\boot\spring-boot-autoconfigure\2.3.4.RELEASE\spring-boot-autoconfigure-2.3.4.RELEASE.jar;C:\Users\LAVISH\.m2\repository\org\springframework\boot\spring-boot-starter-logging\2.3.4.RELEASE\spring-boot-starter-logging-2.3.4.RELEASE.jar;C:\Users\LAVISH\.m2\repository\ch\qos\logback\logback-classic\1.2.3\logback-classic-1.2.3.jar;C:\Users\LAVISH\.m2\repository\ch\qos\logback\logback-core\1.2.3\logback-core-1.2.3.jar;C:\Users\LAVISH\.m2\repository\org\slf4j\slf4j-api\1.7.25\slf4j-api-1.7.25.jar;C:\Users\LAVISH\.m2\repository\org\apache\logging\log4j\log4j-to-slf4j\2.13.3\log4j-to-slf4j-2.13.3.jar;C:\Users\LAVISH\.m2\repository\org\apache\logging\log4j\log4j-api\2.13.3\log4j-api-2.13.3.jar;C:\Users\LAVISH\.m2\repository\org\slf4j\jul-to-slf4j\1.7.30\jul-to-slf4j-1.7.30.jar;C:\Users\LAVISH\.m2\repository\jakarta\annotation\jakarta.annotation-api\1.3.5\jakarta.annotation-api-1.3.5.jar;C:\Users\LAVISH\.m2\repository\org\springframework\spring-core\5.2.9.RELEASE\spring-core-5.2.9.RELEASE.jar;C:\Users\LAVISH\.m2\repository\org\springframework\spring-jcl\5.2.9.RELEASE\spring-jcl-5.2.9.RELEASE.jar;C:\Users\LAVISH\.m2\repository\org\yaml\snakeyaml\1.26\snakeyaml-1.26.jar;C:\Users\LAVISH\.m2\repository\org\springframework\boot\spring-boot-starter-json\2.3.4.RELEASE\spring-boot-starter-json-2.3.4.RELEASE.jar;C:\Users\LAVISH\.m2\repository\com\fasterxml\jackson\datatype\jackson-datatype-jdk8\2.11.2\jackson-datatype-jdk8-2.11.2.jar;C:\Users\LAVISH\.m2\repository\com\fasterxml\jackson\datatype\jackson-datatype-jsr310\2.11.2\jackson-datatype-jsr310-2.11.2.jar;C:\Users\LAVISH\.m2\repository\com\fasterxml\jackson\module\jackson-module-parameter-names\2.11.2\jackson-module-parameter-names-2.11.2.jar;C:\Users\LAVISH\.m2\repository\org\springframework\boot\spring-boot-starter-tomcat\2.3.4.RELEASE\spring-boot-starter-tomcat-2.3.4.RELEASE.jar;C:\Users\LAVISH\.m2\repository\org\apache\tomcat\embed\tomcat-embed-core\9.0.38\tomcat-embed-core-9.0.38.jar;C:\Users\LAVISH\.m2\repository\org\glassfish\jakarta.el\3.0.3\jakarta.el-3.0.3.jar;C:\Users\LAVISH\.m2\repository\org\apache\tomcat\embed\tomcat-embed-websocket\9.0.38\tomcat-embed-websocket-9.0.38.jar;C:\Users\LAVISH\.m2\repository\org\springframework\spring-web\5.2.9.RELEASE\spring-web-5.2.9.RELEASE.jar;C:\Users\LAVISH\.m2\repository\org\springframework\spring-beans\5.2.9.RELEASE\spring-beans-5.2.9.RELEASE.jar;C:\Users\LAVISH\.m2\repository\org\springframework\spring-webmvc\5.2.9.RELEASE\spring-webmvc-5.2.9.RELEASE.jar;C:\Users\LAVISH\.m2\repository\org\springframework\spring-aop\5.2.9.RELEASE\spring-aop-5.2.9.RELEASE.jar;C:\Users\LAVISH\.m2\repository\org\springframework\spring-context\5.2.9.RELEASE\spring-context-5.2.9.RELEASE.jar;C:\Users\LAVISH\.m2\repository\org\springframework\spring-expression\5.2.9.RELEASE\spring-expression-5.2.9.RELEASE.jar;C:\Users\LAVISH\.m2\repository\junit\junit\4.13.1\junit-4.13.1.jar;C:\Users\LAVISH\.m2\repository\org\hamcrest\hamcrest-core\1.3\hamcrest-core-1.3.jar;C:\Users\LAVISH\.m2\repository\net\logstash\logback\logstash-logback-encoder\6.4\logstash-logback-encoder-6.4.jar;C:\Users\LAVISH\.m2\repository\com\fasterxml\jackson\core\jackson-databind\2.11.0\jackson-databind-2.11.0.jar;C:\Users\LAVISH\.m2\repository\com\fasterxml\jackson\core\jackson-annotations\2.11.0\jackson-annotations-2.11.0.jar;C:\Users\LAVISH\.m2\repository\com\fasterxml\jackson\core\jackson-core\2.11.0\jackson-core-2.11.0.jar;"/>
    <property name="java.vm.vendor" value="Oracle Corporation"/>
    <property name="sun.arch.data.model" value="64"/>
    <property name="user.variant" value=""/>
    <property name="java.vendor.url" value="https://java.oracle.com/"/>
    <property name="user.timezone" value="Asia/Calcutta"/>
    <property name="os.name" value="Windows 11"/>
    <property name="java.vm.specification.version" value="21"/>
    <property name="sun.java.launcher" value="SUN_STANDARD"/>
    <property name="user.country" value="IN"/>
    <property name="sun.boot.library.path" value="C:\Program Files\Java\jdk-21\bin"/>
    <property name="sun.java.command" value="C:\Users\LAVISH\AppData\Local\Temp\surefire8018673152657696897\surefirebooter-20240328164636455_3.jar C:\Users\LAVISH\AppData\Local\Temp\surefire8018673152657696897 2024-03-28T16-46-36_244-jvmRun1 surefire-20240328164636455_1tmp surefire_0-20240328164636455_2tmp"/>
    <property name="jdk.debug" value="release"/>
    <property name="surefire.test.class.path" value="C:\Users\LAVISH\Desktop\JenkinsLearn\target\test-classes;C:\Users\LAVISH\Desktop\JenkinsLearn\target\classes;C:\Users\LAVISH\.m2\repository\org\springframework\boot\spring-boot-starter-web\2.3.4.RELEASE\spring-boot-starter-web-2.3.4.RELEASE.jar;C:\Users\LAVISH\.m2\repository\org\springframework\boot\spring-boot-starter\2.3.4.RELEASE\spring-boot-starter-2.3.4.RELEASE.jar;C:\Users\LAVISH\.m2\repository\org\springframework\boot\spring-boot\2.3.4.RELEASE\spring-boot-2.3.4.RELEASE.jar;C:\Users\LAVISH\.m2\repository\org\springframework\boot\spring-boot-autoconfigure\2.3.4.RELEASE\spring-boot-autoconfigure-2.3.4.RELEASE.jar;C:\Users\LAVISH\.m2\repository\org\springframework\boot\spring-boot-starter-logging\2.3.4.RELEASE\spring-boot-starter-logging-2.3.4.RELEASE.jar;C:\Users\LAVISH\.m2\repository\ch\qos\logback\logback-classic\1.2.3\logback-classic-1.2.3.jar;C:\Users\LAVISH\.m2\repository\ch\qos\logback\logback-core\1.2.3\logback-core-1.2.3.jar;C:\Users\LAVISH\.m2\repository\org\slf4j\slf4j-api\1.7.25\slf4j-api-1.7.25.jar;C:\Users\LAVISH\.m2\repository\org\apache\logging\log4j\log4j-to-slf4j\2.13.3\log4j-to-slf4j-2.13.3.jar;C:\Users\LAVISH\.m2\repository\org\apache\logging\log4j\log4j-api\2.13.3\log4j-api-2.13.3.jar;C:\Users\LAVISH\.m2\repository\org\slf4j\jul-to-slf4j\1.7.30\jul-to-slf4j-1.7.30.jar;C:\Users\LAVISH\.m2\repository\jakarta\annotation\jakarta.annotation-api\1.3.5\jakarta.annotation-api-1.3.5.jar;C:\Users\LAVISH\.m2\repository\org\springframework\spring-core\5.2.9.RELEASE\spring-core-5.2.9.RELEASE.jar;C:\Users\LAVISH\.m2\repository\org\springframework\spring-jcl\5.2.9.RELEASE\spring-jcl-5.2.9.RELEASE.jar;C:\Users\LAVISH\.m2\repository\org\yaml\snakeyaml\1.26\snakeyaml-1.26.jar;C:\Users\LAVISH\.m2\repository\org\springframework\boot\spring-boot-starter-json\2.3.4.RELEASE\spring-boot-starter-json-2.3.4.RELEASE.jar;C:\Users\LAVISH\.m2\repository\com\fasterxml\jackson\datatype\jackson-datatype-jdk8\2.11.2\jackson-datatype-jdk8-2.11.2.jar;C:\Users\LAVISH\.m2\repository\com\fasterxml\jackson\datatype\jackson-datatype-jsr310\2.11.2\jackson-datatype-jsr310-2.11.2.jar;C:\Users\LAVISH\.m2\repository\com\fasterxml\jackson\module\jackson-module-parameter-names\2.11.2\jackson-module-parameter-names-2.11.2.jar;C:\Users\LAVISH\.m2\repository\org\springframework\boot\spring-boot-starter-tomcat\2.3.4.RELEASE\spring-boot-starter-tomcat-2.3.4.RELEASE.jar;C:\Users\LAVISH\.m2\repository\org\apache\tomcat\embed\tomcat-embed-core\9.0.38\tomcat-embed-core-9.0.38.jar;C:\Users\LAVISH\.m2\repository\org\glassfish\jakarta.el\3.0.3\jakarta.el-3.0.3.jar;C:\Users\LAVISH\.m2\repository\org\apache\tomcat\embed\tomcat-embed-websocket\9.0.38\tomcat-embed-websocket-9.0.38.jar;C:\Users\LAVISH\.m2\repository\org\springframework\spring-web\5.2.9.RELEASE\spring-web-5.2.9.RELEASE.jar;C:\Users\LAVISH\.m2\repository\org\springframework\spring-beans\5.2.9.RELEASE\spring-beans-5.2.9.RELEASE.jar;C:\Users\LAVISH\.m2\repository\org\springframework\spring-webmvc\5.2.9.RELEASE\spring-webmvc-5.2.9.RELEASE.jar;C:\Users\LAVISH\.m2\repository\org\springframework\spring-aop\5.2.9.RELEASE\spring-aop-5.2.9.RELEASE.jar;C:\Users\LAVISH\.m2\repository\org\springframework\spring-context\5.2.9.RELEASE\spring-context-5.2.9.RELEASE.jar;C:\Users\LAVISH\.m2\repository\org\springframework\spring-expression\5.2.9.RELEASE\spring-expression-5.2.9.RELEASE.jar;C:\Users\LAVISH\.m2\repository\junit\junit\4.13.1\junit-4.13.1.jar;C:\Users\LAVISH\.m2\repository\org\hamcrest\hamcrest-core\1.3\hamcrest-core-1.3.jar;C:\Users\LAVISH\.m2\repository\net\logstash\logback\logstash-logback-encoder\6.4\logstash-logback-encoder-6.4.jar;C:\Users\LAVISH\.m2\repository\com\fasterxml\jackson\core\jackson-databind\2.11.0\jackson-databind-2.11.0.jar;C:\Users\LAVISH\.m2\repository\com\fasterxml\jackson\core\jackson-annotations\2.11.0\jackson-annotations-2.11.0.jar;C:\Users\LAVISH\.m2\repository\com\fasterxml\jackson\core\jackson-core\2.11.0\jackson-core-2.11.0.jar;"/>
    <property name="sun.cpu.endian" value="little"/>
    <property name="user.home" value="C:\Users\LAVISH"/>
    <property name="user.language" value="en"/>
    <property name="java.specification.vendor" value="Oracle Corporation"/>
    <property name="java.version.date" value="2024-01-16"/>
    <property name="java.home" value="C:\Program Files\Java\jdk-21"/>
    <property name="file.separator" value="\"/>
    <property name="basedir" value="C:\Users\LAVISH\Desktop\JenkinsLearn"/>
    <property name="java.vm.compressedOopsMode" value="32-bit"/>
    <property name="line.separator" value="&#10;"/>
    <property name="java.vm.specification.vendor" value="Oracle Corporation"/>
    <property name="java.specification.name" value="Java Platform API Specification"/>
    <property name="surefire.real.class.path" value="C:\Users\LAVISH\AppData\Local\Temp\surefire8018673152657696897\surefirebooter-20240328164636455_3.jar"/>
    <property name="user.script" value=""/>
    <property name="sun.management.compiler" value="HotSpot 64-Bit Tiered Compilers"/>
    <property name="java.runtime.version" value="21.0.2+13-LTS-58"/>
    <property name="user.name" value="LAVISH"/>
    <property name="stdout.encoding" value="Cp1252"/>
    <property name="path.separator" value=";"/>
    <property name="os.version" value="10.0"/>
    <property name="java.runtime.name" value="Java(TM) SE Runtime Environment"/>
    <property name="file.encoding" value="UTF-8"/>
    <property name="java.vm.name" value="Java HotSpot(TM) 64-Bit Server VM"/>
    <property name="localRepository" value="C:\Users\LAVISH\.m2\repository"/>
    <property name="java.vendor.url.bug" value="https://bugreport.java.com/bugreport/"/>
    <property name="java.io.tmpdir" value="C:\Users\LAVISH\AppData\Local\Temp\"/>
    <property name="java.version" value="21.0.2"/>
    <property name="user.dir" value="C:\Users\LAVISH\Desktop\JenkinsLearn"/>
    <property name="os.arch" value="amd64"/>
    <property name="java.vm.specification.name" value="Java Virtual Machine Specification"/>
    <property name="sun.os.patch.level" value=""/>
    <property name="native.encoding" value="Cp1252"/>
    <property name="java.library.path" value="C:\Program Files\Java\jdk-21\bin;C:\WINDOWS\Sun\Java\bin;C:\WINDOWS\system32;C:\WINDOWS;C:\Program Files\Common Files\Oracle\Java\javapath;C:\WINDOWS\system32;C:\WINDOWS;C:\WINDOWS\System32\Wbem;C:\WINDOWS\System32\WindowsPowerShell\v1.0\;C:\WINDOWS\System32\OpenSSH\;C:\Program Files\Microsoft SQL Server\Client SDK\ODBC\170\Tools\Binn\;C:\Program Files (x86)\Microsoft SQL Server\150\Tools\Binn\;C:\Program Files\Microsoft SQL Server\150\Tools\Binn\;C:\Program Files\Microsoft SQL Server\150\DTS\Binn\;C:\Program Files\dotnet\;C:\Program Files\nodejs\;C:\Program Files\Git\cmd;C:\Users\LAVISH\Downloads\apache-maven-3.9.6-bin\apache-maven-3.9.6\bin;C:\Program Files\Docker\Docker\resources\bin;C:\Program Files\Amazon\AWSCLIV2\;C:\WINDOWS\system32;C:\WINDOWS;C:\WINDOWS\System32\Wbem;C:\WINDOWS\System32\WindowsPowerShell\v1.0\;C:\WINDOWS\System32\OpenSSH\;C:\Program Files\Microsoft SQL Server\Client SDK\ODBC\170\Tools\Binn\;C:\Program Files (x86)\Microsoft SQL Server\150\Tools\Binn\;C:\Program Files\Microsoft SQL Server\150\Tools\Binn\;C:\Program Files\Microsoft SQL Server\150\DTS\Binn\;C:\Program Files\dotnet\;C:\Program Files\MySQL\MySQL Shell 8.0\bin\;C:\Users\LAVISH\AppData\Local\Microsoft\WindowsApps;C:\Users\LAVISH\AppData\Local\Programs\Microsoft VS Code\bin;C:\Users\LAVISH\AppData\Local\Programs\Python\Python310;C:\Python3.10\Scripts;C:\Python3.10\Scripts\bin;C:\Users\LAVISH\AppData\Local\Microsoft\WindowsApps;C:\Users\LAVISH\AppData\Roaming\npm;C:\Users\LAVISH\AppData\Local\GitHubDesktop\bin;."/>
    <property name="java.vm.info" value="mixed mode, sharing"/>
    <property name="stderr.encoding" value="Cp1252"/>
    <property name="java.vendor" value="Oracle Corporation"/>
    <property name="java.vm.version" value="21.0.2+13-LTS-58"/>
    <property name="sun.io.unicode.encoding" value="UnicodeLittle"/>
    <property name="java.class.version" value="65.0"/>
  </properties>
  <testcase name="testApp" classname="AppTest" time="0.005"/>
</testsuite>